# JRE version: Java(TM) SE Runtime Environment (8.0_20-b26) (build 1.8.0_20-b26)
# Java VM: Java HotSpot(TM) 64-Bit Server VM (25.20-b23 mixed mode windows-amd64 compressed oops)
Heap:
 PSYoungGen      total 57344K, used 19019K [0x0000000780780000, 0x0000000784780000, 0x00000007c0000000)
  eden space 49152K, 22% used [0x0000000780780000,0x0000000781219038,0x0000000783780000)
  from space 8192K, 99% used [0x0000000783f80000,0x0000000784779c20,0x0000000784780000)
  to   space 8192K, 0% used [0x0000000783780000,0x0000000783780000,0x0000000783f80000)
 ParOldGen       total 131072K, used 22291K [0x0000000701600000, 0x0000000709600000, 0x0000000780780000)
  object space 131072K, 17% used [0x0000000701600000,0x0000000702bc4eb0,0x0000000709600000)
 Metaspace       used 19960K, capacity 20192K, committed 20352K, reserved 1067008K
  class space    used 2350K, capacity 2410K, committed 2432K, reserved 1048576K
GC Heap History (4 events):
Event: 53.497 GC heap before
{Heap before GC invocations=1 (full 0):
 PSYoungGen      total 57344K, used 49152K [0x0000000780780000, 0x0000000784780000, 0x00000007c0000000)
  eden space 49152K, 100% used [0x0000000780780000,0x0000000783780000,0x0000000783780000)
  from space 8192K, 0% used [0x0000000783f80000,0x0000000783f80000,0x0000000784780000)
  to   space 8192K, 0% used [0x0000000783780000,0x0000000783780000,0x0000000783f80000)
 ParOldGen       total 131072K, used 0K [0x0000000701600000, 0x0000000709600000, 0x0000000780780000)
  object space 131072K, 0% used [0x0000000701600000,0x0000000701600000,0x0000000709600000)
 Metaspace       used 19391K, capacity 19668K, committed 19840K, reserved 1067008K
  class space    used 2343K, capacity 2410K, committed 2432K, reserved 1048576K
Event: 53.511 GC heap after
Heap after GC invocations=1 (full 0):
 PSYoungGen      total 57344K, used 8171K [0x0000000780780000, 0x0000000784780000, 0x00000007c0000000)
  eden space 49152K, 0% used [0x0000000780780000,0x0000000780780000,0x0000000783780000)
  from space 8192K, 99% used [0x0000000783780000,0x0000000783f7afe8,0x0000000783f80000)
  to   space 8192K, 0% used [0x0000000783f80000,0x0000000783f80000,0x0000000784780000)
 ParOldGen       total 131072K, used 10717K [0x0000000701600000, 0x0000000709600000, 0x0000000780780000)
  object space 131072K, 8% used [0x0000000701600000,0x0000000702077460,0x0000000709600000)
 Metaspace       used 19391K, capacity 19668K, committed 19840K, reserved 1067008K
  class space    used 2343K, capacity 2410K, committed 2432K, reserved 1048576K
}
Event: 130.064 GC heap before
{Heap before GC invocations=2 (full 0):
 PSYoungGen      total 57344K, used 57323K [0x0000000780780000, 0x0000000784780000, 0x00000007c0000000)
  eden space 49152K, 100% used [0x0000000780780000,0x0000000783780000,0x0000000783780000)
  from space 8192K, 99% used [0x0000000783780000,0x0000000783f7afe8,0x0000000783f80000)
  to   space 8192K, 0% used [0x0000000783f80000,0x0000000783f80000,0x0000000784780000)
 ParOldGen       total 131072K, used 10717K [0x0000000701600000, 0x0000000709600000, 0x0000000780780000)
  object space 131072K, 8% used [0x0000000701600000,0x0000000702077460,0x0000000709600000)
 Metaspace       used 19926K, capacity 20192K, committed 20352K, reserved 1067008K
  class space    used 2350K, capacity 2410K, committed 2432K, reserved 1048576K
Event: 130.077 GC heap after
Heap after GC invocations=2 (full 0):
 PSYoungGen      total 57344K, used 8167K [0x0000000780780000, 0x0000000784780000, 0x00000007c0000000)
  eden space 49152K, 0% used [0x0000000780780000,0x0000000780780000,0x0000000783780000)
  from space 8192K, 99% used [0x0000000783f80000,0x0000000784779c20,0x0000000784780000)
  to   space 8192K, 0% used [0x0000000783780000,0x0000000783780000,0x0000000783f80000)
 ParOldGen       total 131072K, used 22291K [0x0000000701600000, 0x0000000709600000, 0x0000000780780000)
  object space 131072K, 17% used [0x0000000701600000,0x0000000702bc4eb0,0x0000000709600000)
 Metaspace       used 19926K, capacity 20192K, committed 20352K, reserved 1067008K
  class space    used 2350K, capacity 2410K, committed 2432K, reserved 1048576K
}

